                              1 ;--------------------------------------------------------
                              2 ; File Created by SDCC : free open source ANSI-C Compiler
                              3 ; Version 3.6.8 #9946 (Linux)
                              4 ;--------------------------------------------------------
                              5 	.module enemy2
                              6 	.optsdcc -mz80
                              7 	
                              8 ;--------------------------------------------------------
                              9 ; Public variables in this module
                             10 ;--------------------------------------------------------
                             11 	.globl _sp_enemy2
                             12 ;--------------------------------------------------------
                             13 ; special function registers
                             14 ;--------------------------------------------------------
                             15 ;--------------------------------------------------------
                             16 ; ram data
                             17 ;--------------------------------------------------------
                             18 	.area _DATA
                             19 ;--------------------------------------------------------
                             20 ; ram data
                             21 ;--------------------------------------------------------
                             22 	.area _INITIALIZED
                             23 ;--------------------------------------------------------
                             24 ; absolute external ram data
                             25 ;--------------------------------------------------------
                             26 	.area _DABS (ABS)
                             27 ;--------------------------------------------------------
                             28 ; global & static initialisations
                             29 ;--------------------------------------------------------
                             30 	.area _HOME
                             31 	.area _GSINIT
                             32 	.area _GSFINAL
                             33 	.area _GSINIT
                             34 ;--------------------------------------------------------
                             35 ; Home
                             36 ;--------------------------------------------------------
                             37 	.area _HOME
                             38 	.area _HOME
                             39 ;--------------------------------------------------------
                             40 ; code
                             41 ;--------------------------------------------------------
                             42 	.area _CODE
                             43 	.area _CODE
   0000                      44 _sp_enemy2:
   0000 00                   45 	.db #0x00	; 0
   0001 00                   46 	.db #0x00	; 0
   0002 00                   47 	.db #0x00	; 0
   0003 00                   48 	.db #0x00	; 0
   0004 00                   49 	.db #0x00	; 0
   0005 00                   50 	.db #0x00	; 0
   0006 00                   51 	.db #0x00	; 0
   0007 00                   52 	.db #0x00	; 0
   0008 41                   53 	.db #0x41	; 65	'A'
   0009 C3                   54 	.db #0xc3	; 195
   000A C3                   55 	.db #0xc3	; 195
   000B C3                   56 	.db #0xc3	; 195
   000C C3                   57 	.db #0xc3	; 195
   000D C3                   58 	.db #0xc3	; 195
   000E C3                   59 	.db #0xc3	; 195
   000F 82                   60 	.db #0x82	; 130
   0010 41                   61 	.db #0x41	; 65	'A'
   0011 C3                   62 	.db #0xc3	; 195
   0012 C3                   63 	.db #0xc3	; 195
   0013 C3                   64 	.db #0xc3	; 195
   0014 C3                   65 	.db #0xc3	; 195
   0015 C3                   66 	.db #0xc3	; 195
   0016 C3                   67 	.db #0xc3	; 195
   0017 82                   68 	.db #0x82	; 130
   0018 41                   69 	.db #0x41	; 65	'A'
   0019 C3                   70 	.db #0xc3	; 195
   001A C3                   71 	.db #0xc3	; 195
   001B C3                   72 	.db #0xc3	; 195
   001C C3                   73 	.db #0xc3	; 195
   001D C3                   74 	.db #0xc3	; 195
   001E C3                   75 	.db #0xc3	; 195
   001F 82                   76 	.db #0x82	; 130
   0020 41                   77 	.db #0x41	; 65	'A'
   0021 C3                   78 	.db #0xc3	; 195
   0022 C3                   79 	.db #0xc3	; 195
   0023 C3                   80 	.db #0xc3	; 195
   0024 82                   81 	.db #0x82	; 130
   0025 00                   82 	.db #0x00	; 0
   0026 C3                   83 	.db #0xc3	; 195
   0027 82                   84 	.db #0x82	; 130
   0028 41                   85 	.db #0x41	; 65	'A'
   0029 C3                   86 	.db #0xc3	; 195
   002A 00                   87 	.db #0x00	; 0
   002B C3                   88 	.db #0xc3	; 195
   002C 82                   89 	.db #0x82	; 130
   002D 00                   90 	.db #0x00	; 0
   002E C3                   91 	.db #0xc3	; 195
   002F 82                   92 	.db #0x82	; 130
   0030 41                   93 	.db #0x41	; 65	'A'
   0031 C3                   94 	.db #0xc3	; 195
   0032 00                   95 	.db #0x00	; 0
   0033 C3                   96 	.db #0xc3	; 195
   0034 82                   97 	.db #0x82	; 130
   0035 00                   98 	.db #0x00	; 0
   0036 C3                   99 	.db #0xc3	; 195
   0037 82                  100 	.db #0x82	; 130
   0038 41                  101 	.db #0x41	; 65	'A'
   0039 C3                  102 	.db #0xc3	; 195
   003A C3                  103 	.db #0xc3	; 195
   003B C3                  104 	.db #0xc3	; 195
   003C C3                  105 	.db #0xc3	; 195
   003D C3                  106 	.db #0xc3	; 195
   003E C3                  107 	.db #0xc3	; 195
   003F 82                  108 	.db #0x82	; 130
   0040 41                  109 	.db #0x41	; 65	'A'
   0041 C3                  110 	.db #0xc3	; 195
   0042 C3                  111 	.db #0xc3	; 195
   0043 C3                  112 	.db #0xc3	; 195
   0044 C3                  113 	.db #0xc3	; 195
   0045 C3                  114 	.db #0xc3	; 195
   0046 C3                  115 	.db #0xc3	; 195
   0047 82                  116 	.db #0x82	; 130
   0048 41                  117 	.db #0x41	; 65	'A'
   0049 C3                  118 	.db #0xc3	; 195
   004A C3                  119 	.db #0xc3	; 195
   004B C3                  120 	.db #0xc3	; 195
   004C C3                  121 	.db #0xc3	; 195
   004D C3                  122 	.db #0xc3	; 195
   004E C3                  123 	.db #0xc3	; 195
   004F 82                  124 	.db #0x82	; 130
   0050 41                  125 	.db #0x41	; 65	'A'
   0051 82                  126 	.db #0x82	; 130
   0052 41                  127 	.db #0x41	; 65	'A'
   0053 82                  128 	.db #0x82	; 130
   0054 41                  129 	.db #0x41	; 65	'A'
   0055 82                  130 	.db #0x82	; 130
   0056 C3                  131 	.db #0xc3	; 195
   0057 82                  132 	.db #0x82	; 130
   0058 41                  133 	.db #0x41	; 65	'A'
   0059 C3                  134 	.db #0xc3	; 195
   005A 00                  135 	.db #0x00	; 0
   005B 00                  136 	.db #0x00	; 0
   005C 00                  137 	.db #0x00	; 0
   005D 00                  138 	.db #0x00	; 0
   005E C3                  139 	.db #0xc3	; 195
   005F 82                  140 	.db #0x82	; 130
   0060 41                  141 	.db #0x41	; 65	'A'
   0061 C3                  142 	.db #0xc3	; 195
   0062 C3                  143 	.db #0xc3	; 195
   0063 C3                  144 	.db #0xc3	; 195
   0064 C3                  145 	.db #0xc3	; 195
   0065 C3                  146 	.db #0xc3	; 195
   0066 C3                  147 	.db #0xc3	; 195
   0067 82                  148 	.db #0x82	; 130
   0068 41                  149 	.db #0x41	; 65	'A'
   0069 C3                  150 	.db #0xc3	; 195
   006A C3                  151 	.db #0xc3	; 195
   006B C3                  152 	.db #0xc3	; 195
   006C C3                  153 	.db #0xc3	; 195
   006D C3                  154 	.db #0xc3	; 195
   006E C3                  155 	.db #0xc3	; 195
   006F 82                  156 	.db #0x82	; 130
   0070 41                  157 	.db #0x41	; 65	'A'
   0071 C3                  158 	.db #0xc3	; 195
   0072 C3                  159 	.db #0xc3	; 195
   0073 C3                  160 	.db #0xc3	; 195
   0074 C3                  161 	.db #0xc3	; 195
   0075 C3                  162 	.db #0xc3	; 195
   0076 C3                  163 	.db #0xc3	; 195
   0077 82                  164 	.db #0x82	; 130
   0078 00                  165 	.db #0x00	; 0
   0079 00                  166 	.db #0x00	; 0
   007A 00                  167 	.db #0x00	; 0
   007B 00                  168 	.db #0x00	; 0
   007C 00                  169 	.db #0x00	; 0
   007D 00                  170 	.db #0x00	; 0
   007E 00                  171 	.db #0x00	; 0
   007F 00                  172 	.db #0x00	; 0
                            173 	.area _INITIALIZER
                            174 	.area _CABS (ABS)
