                              1 ;--------------------------------------------------------
                              2 ; File Created by SDCC : free open source ANSI-C Compiler
                              3 ; Version 3.6.8 #9946 (Linux)
                              4 ;--------------------------------------------------------
                              5 	.module player
                              6 	.optsdcc -mz80
                              7 	
                              8 ;--------------------------------------------------------
                              9 ; Public variables in this module
                             10 ;--------------------------------------------------------
                             11 	.globl _sp_player
                             12 ;--------------------------------------------------------
                             13 ; special function registers
                             14 ;--------------------------------------------------------
                             15 ;--------------------------------------------------------
                             16 ; ram data
                             17 ;--------------------------------------------------------
                             18 	.area _DATA
                             19 ;--------------------------------------------------------
                             20 ; ram data
                             21 ;--------------------------------------------------------
                             22 	.area _INITIALIZED
                             23 ;--------------------------------------------------------
                             24 ; absolute external ram data
                             25 ;--------------------------------------------------------
                             26 	.area _DABS (ABS)
                             27 ;--------------------------------------------------------
                             28 ; global & static initialisations
                             29 ;--------------------------------------------------------
                             30 	.area _HOME
                             31 	.area _GSINIT
                             32 	.area _GSFINAL
                             33 	.area _GSINIT
                             34 ;--------------------------------------------------------
                             35 ; Home
                             36 ;--------------------------------------------------------
                             37 	.area _HOME
                             38 	.area _HOME
                             39 ;--------------------------------------------------------
                             40 ; code
                             41 ;--------------------------------------------------------
                             42 	.area _CODE
                             43 	.area _CODE
   0000                      44 _sp_player:
   0000 00                   45 	.db #0x00	; 0
   0001 00                   46 	.db #0x00	; 0
   0002 00                   47 	.db #0x00	; 0
   0003 00                   48 	.db #0x00	; 0
   0004 00                   49 	.db #0x00	; 0
   0005 00                   50 	.db #0x00	; 0
   0006 00                   51 	.db #0x00	; 0
   0007 00                   52 	.db #0x00	; 0
   0008 14                   53 	.db #0x14	; 20
   0009 3C                   54 	.db #0x3c	; 60
   000A 3C                   55 	.db #0x3c	; 60
   000B 3C                   56 	.db #0x3c	; 60
   000C 3C                   57 	.db #0x3c	; 60
   000D 3C                   58 	.db #0x3c	; 60
   000E 3C                   59 	.db #0x3c	; 60
   000F 28                   60 	.db #0x28	; 40
   0010 14                   61 	.db #0x14	; 20
   0011 3C                   62 	.db #0x3c	; 60
   0012 3C                   63 	.db #0x3c	; 60
   0013 3C                   64 	.db #0x3c	; 60
   0014 3C                   65 	.db #0x3c	; 60
   0015 3C                   66 	.db #0x3c	; 60
   0016 3C                   67 	.db #0x3c	; 60
   0017 28                   68 	.db #0x28	; 40
   0018 14                   69 	.db #0x14	; 20
   0019 3C                   70 	.db #0x3c	; 60
   001A 3C                   71 	.db #0x3c	; 60
   001B 3C                   72 	.db #0x3c	; 60
   001C 3C                   73 	.db #0x3c	; 60
   001D 3C                   74 	.db #0x3c	; 60
   001E 3C                   75 	.db #0x3c	; 60
   001F 28                   76 	.db #0x28	; 40
   0020 14                   77 	.db #0x14	; 20
   0021 3C                   78 	.db #0x3c	; 60
   0022 3C                   79 	.db #0x3c	; 60
   0023 3C                   80 	.db #0x3c	; 60
   0024 28                   81 	.db #0x28	; 40
   0025 00                   82 	.db #0x00	; 0
   0026 3C                   83 	.db #0x3c	; 60
   0027 28                   84 	.db #0x28	; 40
   0028 14                   85 	.db #0x14	; 20
   0029 3C                   86 	.db #0x3c	; 60
   002A 00                   87 	.db #0x00	; 0
   002B 3C                   88 	.db #0x3c	; 60
   002C 28                   89 	.db #0x28	; 40
   002D 00                   90 	.db #0x00	; 0
   002E 3C                   91 	.db #0x3c	; 60
   002F 28                   92 	.db #0x28	; 40
   0030 14                   93 	.db #0x14	; 20
   0031 3C                   94 	.db #0x3c	; 60
   0032 00                   95 	.db #0x00	; 0
   0033 3C                   96 	.db #0x3c	; 60
   0034 28                   97 	.db #0x28	; 40
   0035 00                   98 	.db #0x00	; 0
   0036 3C                   99 	.db #0x3c	; 60
   0037 28                  100 	.db #0x28	; 40
   0038 14                  101 	.db #0x14	; 20
   0039 3C                  102 	.db #0x3c	; 60
   003A 3C                  103 	.db #0x3c	; 60
   003B 3C                  104 	.db #0x3c	; 60
   003C 3C                  105 	.db #0x3c	; 60
   003D 3C                  106 	.db #0x3c	; 60
   003E 3C                  107 	.db #0x3c	; 60
   003F 28                  108 	.db #0x28	; 40
   0040 14                  109 	.db #0x14	; 20
   0041 3C                  110 	.db #0x3c	; 60
   0042 3C                  111 	.db #0x3c	; 60
   0043 3C                  112 	.db #0x3c	; 60
   0044 3C                  113 	.db #0x3c	; 60
   0045 3C                  114 	.db #0x3c	; 60
   0046 3C                  115 	.db #0x3c	; 60
   0047 28                  116 	.db #0x28	; 40
   0048 14                  117 	.db #0x14	; 20
   0049 3C                  118 	.db #0x3c	; 60
   004A 3C                  119 	.db #0x3c	; 60
   004B 3C                  120 	.db #0x3c	; 60
   004C 3C                  121 	.db #0x3c	; 60
   004D 3C                  122 	.db #0x3c	; 60
   004E 3C                  123 	.db #0x3c	; 60
   004F 28                  124 	.db #0x28	; 40
   0050 14                  125 	.db #0x14	; 20
   0051 28                  126 	.db #0x28	; 40
   0052 14                  127 	.db #0x14	; 20
   0053 28                  128 	.db #0x28	; 40
   0054 14                  129 	.db #0x14	; 20
   0055 28                  130 	.db #0x28	; 40
   0056 3C                  131 	.db #0x3c	; 60
   0057 28                  132 	.db #0x28	; 40
   0058 14                  133 	.db #0x14	; 20
   0059 3C                  134 	.db #0x3c	; 60
   005A 00                  135 	.db #0x00	; 0
   005B 00                  136 	.db #0x00	; 0
   005C 00                  137 	.db #0x00	; 0
   005D 00                  138 	.db #0x00	; 0
   005E 3C                  139 	.db #0x3c	; 60
   005F 28                  140 	.db #0x28	; 40
   0060 14                  141 	.db #0x14	; 20
   0061 3C                  142 	.db #0x3c	; 60
   0062 3C                  143 	.db #0x3c	; 60
   0063 3C                  144 	.db #0x3c	; 60
   0064 3C                  145 	.db #0x3c	; 60
   0065 3C                  146 	.db #0x3c	; 60
   0066 3C                  147 	.db #0x3c	; 60
   0067 28                  148 	.db #0x28	; 40
   0068 14                  149 	.db #0x14	; 20
   0069 3C                  150 	.db #0x3c	; 60
   006A 3C                  151 	.db #0x3c	; 60
   006B 3C                  152 	.db #0x3c	; 60
   006C 3C                  153 	.db #0x3c	; 60
   006D 3C                  154 	.db #0x3c	; 60
   006E 3C                  155 	.db #0x3c	; 60
   006F 28                  156 	.db #0x28	; 40
   0070 14                  157 	.db #0x14	; 20
   0071 3C                  158 	.db #0x3c	; 60
   0072 3C                  159 	.db #0x3c	; 60
   0073 3C                  160 	.db #0x3c	; 60
   0074 3C                  161 	.db #0x3c	; 60
   0075 3C                  162 	.db #0x3c	; 60
   0076 3C                  163 	.db #0x3c	; 60
   0077 28                  164 	.db #0x28	; 40
   0078 00                  165 	.db #0x00	; 0
   0079 00                  166 	.db #0x00	; 0
   007A 00                  167 	.db #0x00	; 0
   007B 00                  168 	.db #0x00	; 0
   007C 00                  169 	.db #0x00	; 0
   007D 00                  170 	.db #0x00	; 0
   007E 00                  171 	.db #0x00	; 0
   007F 00                  172 	.db #0x00	; 0
                            173 	.area _INITIALIZER
                            174 	.area _CABS (ABS)
