                              1 ;--------------------------------------------------------
                              2 ; File Created by SDCC : free open source ANSI-C Compiler
                              3 ; Version 3.6.8 #9946 (Linux)
                              4 ;--------------------------------------------------------
                              5 	.module redball
                              6 	.optsdcc -mz80
                              7 	
                              8 ;--------------------------------------------------------
                              9 ; Public variables in this module
                             10 ;--------------------------------------------------------
                             11 	.globl _sp_redball
                             12 ;--------------------------------------------------------
                             13 ; special function registers
                             14 ;--------------------------------------------------------
                             15 ;--------------------------------------------------------
                             16 ; ram data
                             17 ;--------------------------------------------------------
                             18 	.area _DATA
                             19 ;--------------------------------------------------------
                             20 ; ram data
                             21 ;--------------------------------------------------------
                             22 	.area _INITIALIZED
                             23 ;--------------------------------------------------------
                             24 ; absolute external ram data
                             25 ;--------------------------------------------------------
                             26 	.area _DABS (ABS)
                             27 ;--------------------------------------------------------
                             28 ; global & static initialisations
                             29 ;--------------------------------------------------------
                             30 	.area _HOME
                             31 	.area _GSINIT
                             32 	.area _GSFINAL
                             33 	.area _GSINIT
                             34 ;--------------------------------------------------------
                             35 ; Home
                             36 ;--------------------------------------------------------
                             37 	.area _HOME
                             38 	.area _HOME
                             39 ;--------------------------------------------------------
                             40 ; code
                             41 ;--------------------------------------------------------
                             42 	.area _CODE
                             43 	.area _CODE
   0000                      44 _sp_redball:
   0000 00                   45 	.db #0x00	; 0
   0001 00                   46 	.db #0x00	; 0
   0002 00                   47 	.db #0x00	; 0
   0003 00                   48 	.db #0x00	; 0
   0004 00                   49 	.db #0x00	; 0
   0005 00                   50 	.db #0x00	; 0
   0006 00                   51 	.db #0x00	; 0
   0007 00                   52 	.db #0x00	; 0
   0008 10                   53 	.db #0x10	; 16
   0009 30                   54 	.db #0x30	; 48	'0'
   000A 30                   55 	.db #0x30	; 48	'0'
   000B 30                   56 	.db #0x30	; 48	'0'
   000C 30                   57 	.db #0x30	; 48	'0'
   000D 30                   58 	.db #0x30	; 48	'0'
   000E 30                   59 	.db #0x30	; 48	'0'
   000F 20                   60 	.db #0x20	; 32
   0010 10                   61 	.db #0x10	; 16
   0011 30                   62 	.db #0x30	; 48	'0'
   0012 30                   63 	.db #0x30	; 48	'0'
   0013 30                   64 	.db #0x30	; 48	'0'
   0014 30                   65 	.db #0x30	; 48	'0'
   0015 30                   66 	.db #0x30	; 48	'0'
   0016 30                   67 	.db #0x30	; 48	'0'
   0017 20                   68 	.db #0x20	; 32
   0018 10                   69 	.db #0x10	; 16
   0019 30                   70 	.db #0x30	; 48	'0'
   001A 30                   71 	.db #0x30	; 48	'0'
   001B 30                   72 	.db #0x30	; 48	'0'
   001C 30                   73 	.db #0x30	; 48	'0'
   001D 30                   74 	.db #0x30	; 48	'0'
   001E 30                   75 	.db #0x30	; 48	'0'
   001F 20                   76 	.db #0x20	; 32
   0020 10                   77 	.db #0x10	; 16
   0021 30                   78 	.db #0x30	; 48	'0'
   0022 30                   79 	.db #0x30	; 48	'0'
   0023 30                   80 	.db #0x30	; 48	'0'
   0024 20                   81 	.db #0x20	; 32
   0025 00                   82 	.db #0x00	; 0
   0026 30                   83 	.db #0x30	; 48	'0'
   0027 20                   84 	.db #0x20	; 32
   0028 10                   85 	.db #0x10	; 16
   0029 30                   86 	.db #0x30	; 48	'0'
   002A 00                   87 	.db #0x00	; 0
   002B 30                   88 	.db #0x30	; 48	'0'
   002C 20                   89 	.db #0x20	; 32
   002D 00                   90 	.db #0x00	; 0
   002E 30                   91 	.db #0x30	; 48	'0'
   002F 20                   92 	.db #0x20	; 32
   0030 10                   93 	.db #0x10	; 16
   0031 30                   94 	.db #0x30	; 48	'0'
   0032 00                   95 	.db #0x00	; 0
   0033 30                   96 	.db #0x30	; 48	'0'
   0034 20                   97 	.db #0x20	; 32
   0035 00                   98 	.db #0x00	; 0
   0036 30                   99 	.db #0x30	; 48	'0'
   0037 20                  100 	.db #0x20	; 32
   0038 10                  101 	.db #0x10	; 16
   0039 30                  102 	.db #0x30	; 48	'0'
   003A 30                  103 	.db #0x30	; 48	'0'
   003B 30                  104 	.db #0x30	; 48	'0'
   003C 30                  105 	.db #0x30	; 48	'0'
   003D 30                  106 	.db #0x30	; 48	'0'
   003E 30                  107 	.db #0x30	; 48	'0'
   003F 20                  108 	.db #0x20	; 32
   0040 10                  109 	.db #0x10	; 16
   0041 30                  110 	.db #0x30	; 48	'0'
   0042 30                  111 	.db #0x30	; 48	'0'
   0043 30                  112 	.db #0x30	; 48	'0'
   0044 30                  113 	.db #0x30	; 48	'0'
   0045 30                  114 	.db #0x30	; 48	'0'
   0046 30                  115 	.db #0x30	; 48	'0'
   0047 20                  116 	.db #0x20	; 32
   0048 10                  117 	.db #0x10	; 16
   0049 30                  118 	.db #0x30	; 48	'0'
   004A 30                  119 	.db #0x30	; 48	'0'
   004B 30                  120 	.db #0x30	; 48	'0'
   004C 30                  121 	.db #0x30	; 48	'0'
   004D 30                  122 	.db #0x30	; 48	'0'
   004E 30                  123 	.db #0x30	; 48	'0'
   004F 20                  124 	.db #0x20	; 32
   0050 10                  125 	.db #0x10	; 16
   0051 20                  126 	.db #0x20	; 32
   0052 10                  127 	.db #0x10	; 16
   0053 20                  128 	.db #0x20	; 32
   0054 10                  129 	.db #0x10	; 16
   0055 20                  130 	.db #0x20	; 32
   0056 30                  131 	.db #0x30	; 48	'0'
   0057 20                  132 	.db #0x20	; 32
   0058 10                  133 	.db #0x10	; 16
   0059 30                  134 	.db #0x30	; 48	'0'
   005A 00                  135 	.db #0x00	; 0
   005B 00                  136 	.db #0x00	; 0
   005C 00                  137 	.db #0x00	; 0
   005D 00                  138 	.db #0x00	; 0
   005E 30                  139 	.db #0x30	; 48	'0'
   005F 20                  140 	.db #0x20	; 32
   0060 10                  141 	.db #0x10	; 16
   0061 30                  142 	.db #0x30	; 48	'0'
   0062 30                  143 	.db #0x30	; 48	'0'
   0063 30                  144 	.db #0x30	; 48	'0'
   0064 30                  145 	.db #0x30	; 48	'0'
   0065 30                  146 	.db #0x30	; 48	'0'
   0066 30                  147 	.db #0x30	; 48	'0'
   0067 20                  148 	.db #0x20	; 32
   0068 10                  149 	.db #0x10	; 16
   0069 30                  150 	.db #0x30	; 48	'0'
   006A 30                  151 	.db #0x30	; 48	'0'
   006B 30                  152 	.db #0x30	; 48	'0'
   006C 30                  153 	.db #0x30	; 48	'0'
   006D 30                  154 	.db #0x30	; 48	'0'
   006E 30                  155 	.db #0x30	; 48	'0'
   006F 20                  156 	.db #0x20	; 32
   0070 10                  157 	.db #0x10	; 16
   0071 30                  158 	.db #0x30	; 48	'0'
   0072 30                  159 	.db #0x30	; 48	'0'
   0073 30                  160 	.db #0x30	; 48	'0'
   0074 30                  161 	.db #0x30	; 48	'0'
   0075 30                  162 	.db #0x30	; 48	'0'
   0076 30                  163 	.db #0x30	; 48	'0'
   0077 20                  164 	.db #0x20	; 32
   0078 00                  165 	.db #0x00	; 0
   0079 00                  166 	.db #0x00	; 0
   007A 00                  167 	.db #0x00	; 0
   007B 00                  168 	.db #0x00	; 0
   007C 00                  169 	.db #0x00	; 0
   007D 00                  170 	.db #0x00	; 0
   007E 00                  171 	.db #0x00	; 0
   007F 00                  172 	.db #0x00	; 0
                            173 	.area _INITIALIZER
                            174 	.area _CABS (ABS)
