                              1 ;--------------------------------------------------------
                              2 ; File Created by SDCC : free open source ANSI-C Compiler
                              3 ; Version 3.6.8 #9946 (Linux)
                              4 ;--------------------------------------------------------
                              5 	.module sword
                              6 	.optsdcc -mz80
                              7 	
                              8 ;--------------------------------------------------------
                              9 ; Public variables in this module
                             10 ;--------------------------------------------------------
                             11 	.globl _sp_sword
                             12 ;--------------------------------------------------------
                             13 ; special function registers
                             14 ;--------------------------------------------------------
                             15 ;--------------------------------------------------------
                             16 ; ram data
                             17 ;--------------------------------------------------------
                             18 	.area _DATA
                             19 ;--------------------------------------------------------
                             20 ; ram data
                             21 ;--------------------------------------------------------
                             22 	.area _INITIALIZED
                             23 ;--------------------------------------------------------
                             24 ; absolute external ram data
                             25 ;--------------------------------------------------------
                             26 	.area _DABS (ABS)
                             27 ;--------------------------------------------------------
                             28 ; global & static initialisations
                             29 ;--------------------------------------------------------
                             30 	.area _HOME
                             31 	.area _GSINIT
                             32 	.area _GSFINAL
                             33 	.area _GSINIT
                             34 ;--------------------------------------------------------
                             35 ; Home
                             36 ;--------------------------------------------------------
                             37 	.area _HOME
                             38 	.area _HOME
                             39 ;--------------------------------------------------------
                             40 ; code
                             41 ;--------------------------------------------------------
                             42 	.area _CODE
                             43 	.area _CODE
   0000                      44 _sp_sword:
   0000 00                   45 	.db #0x00	; 0
   0001 00                   46 	.db #0x00	; 0
   0002 00                   47 	.db #0x00	; 0
   0003 00                   48 	.db #0x00	; 0
   0004 00                   49 	.db #0x00	; 0
   0005 00                   50 	.db #0x00	; 0
   0006 00                   51 	.db #0x00	; 0
   0007 00                   52 	.db #0x00	; 0
   0008 04                   53 	.db #0x04	; 4
   0009 0C                   54 	.db #0x0c	; 12
   000A 0C                   55 	.db #0x0c	; 12
   000B 0C                   56 	.db #0x0c	; 12
   000C 0C                   57 	.db #0x0c	; 12
   000D 0C                   58 	.db #0x0c	; 12
   000E 0C                   59 	.db #0x0c	; 12
   000F 08                   60 	.db #0x08	; 8
   0010 04                   61 	.db #0x04	; 4
   0011 0C                   62 	.db #0x0c	; 12
   0012 0C                   63 	.db #0x0c	; 12
   0013 0C                   64 	.db #0x0c	; 12
   0014 0C                   65 	.db #0x0c	; 12
   0015 0C                   66 	.db #0x0c	; 12
   0016 0C                   67 	.db #0x0c	; 12
   0017 08                   68 	.db #0x08	; 8
   0018 04                   69 	.db #0x04	; 4
   0019 0C                   70 	.db #0x0c	; 12
   001A 0C                   71 	.db #0x0c	; 12
   001B 0C                   72 	.db #0x0c	; 12
   001C 0C                   73 	.db #0x0c	; 12
   001D 0C                   74 	.db #0x0c	; 12
   001E 0C                   75 	.db #0x0c	; 12
   001F 08                   76 	.db #0x08	; 8
   0020 04                   77 	.db #0x04	; 4
   0021 0C                   78 	.db #0x0c	; 12
   0022 0C                   79 	.db #0x0c	; 12
   0023 0C                   80 	.db #0x0c	; 12
   0024 08                   81 	.db #0x08	; 8
   0025 00                   82 	.db #0x00	; 0
   0026 0C                   83 	.db #0x0c	; 12
   0027 08                   84 	.db #0x08	; 8
   0028 04                   85 	.db #0x04	; 4
   0029 0C                   86 	.db #0x0c	; 12
   002A 00                   87 	.db #0x00	; 0
   002B 0C                   88 	.db #0x0c	; 12
   002C 08                   89 	.db #0x08	; 8
   002D 00                   90 	.db #0x00	; 0
   002E 0C                   91 	.db #0x0c	; 12
   002F 08                   92 	.db #0x08	; 8
   0030 04                   93 	.db #0x04	; 4
   0031 0C                   94 	.db #0x0c	; 12
   0032 00                   95 	.db #0x00	; 0
   0033 0C                   96 	.db #0x0c	; 12
   0034 08                   97 	.db #0x08	; 8
   0035 00                   98 	.db #0x00	; 0
   0036 0C                   99 	.db #0x0c	; 12
   0037 08                  100 	.db #0x08	; 8
   0038 04                  101 	.db #0x04	; 4
   0039 0C                  102 	.db #0x0c	; 12
   003A 0C                  103 	.db #0x0c	; 12
   003B 0C                  104 	.db #0x0c	; 12
   003C 0C                  105 	.db #0x0c	; 12
   003D 0C                  106 	.db #0x0c	; 12
   003E 0C                  107 	.db #0x0c	; 12
   003F 08                  108 	.db #0x08	; 8
   0040 04                  109 	.db #0x04	; 4
   0041 0C                  110 	.db #0x0c	; 12
   0042 0C                  111 	.db #0x0c	; 12
   0043 0C                  112 	.db #0x0c	; 12
   0044 0C                  113 	.db #0x0c	; 12
   0045 0C                  114 	.db #0x0c	; 12
   0046 0C                  115 	.db #0x0c	; 12
   0047 08                  116 	.db #0x08	; 8
   0048 04                  117 	.db #0x04	; 4
   0049 0C                  118 	.db #0x0c	; 12
   004A 0C                  119 	.db #0x0c	; 12
   004B 0C                  120 	.db #0x0c	; 12
   004C 0C                  121 	.db #0x0c	; 12
   004D 0C                  122 	.db #0x0c	; 12
   004E 0C                  123 	.db #0x0c	; 12
   004F 08                  124 	.db #0x08	; 8
   0050 04                  125 	.db #0x04	; 4
   0051 08                  126 	.db #0x08	; 8
   0052 04                  127 	.db #0x04	; 4
   0053 08                  128 	.db #0x08	; 8
   0054 04                  129 	.db #0x04	; 4
   0055 08                  130 	.db #0x08	; 8
   0056 0C                  131 	.db #0x0c	; 12
   0057 08                  132 	.db #0x08	; 8
   0058 04                  133 	.db #0x04	; 4
   0059 0C                  134 	.db #0x0c	; 12
   005A 00                  135 	.db #0x00	; 0
   005B 00                  136 	.db #0x00	; 0
   005C 00                  137 	.db #0x00	; 0
   005D 00                  138 	.db #0x00	; 0
   005E 0C                  139 	.db #0x0c	; 12
   005F 08                  140 	.db #0x08	; 8
   0060 04                  141 	.db #0x04	; 4
   0061 0C                  142 	.db #0x0c	; 12
   0062 0C                  143 	.db #0x0c	; 12
   0063 0C                  144 	.db #0x0c	; 12
   0064 0C                  145 	.db #0x0c	; 12
   0065 0C                  146 	.db #0x0c	; 12
   0066 0C                  147 	.db #0x0c	; 12
   0067 08                  148 	.db #0x08	; 8
   0068 04                  149 	.db #0x04	; 4
   0069 0C                  150 	.db #0x0c	; 12
   006A 0C                  151 	.db #0x0c	; 12
   006B 0C                  152 	.db #0x0c	; 12
   006C 0C                  153 	.db #0x0c	; 12
   006D 0C                  154 	.db #0x0c	; 12
   006E 0C                  155 	.db #0x0c	; 12
   006F 08                  156 	.db #0x08	; 8
   0070 04                  157 	.db #0x04	; 4
   0071 0C                  158 	.db #0x0c	; 12
   0072 0C                  159 	.db #0x0c	; 12
   0073 0C                  160 	.db #0x0c	; 12
   0074 0C                  161 	.db #0x0c	; 12
   0075 0C                  162 	.db #0x0c	; 12
   0076 0C                  163 	.db #0x0c	; 12
   0077 08                  164 	.db #0x08	; 8
   0078 00                  165 	.db #0x00	; 0
   0079 00                  166 	.db #0x00	; 0
   007A 00                  167 	.db #0x00	; 0
   007B 00                  168 	.db #0x00	; 0
   007C 00                  169 	.db #0x00	; 0
   007D 00                  170 	.db #0x00	; 0
   007E 00                  171 	.db #0x00	; 0
   007F 00                  172 	.db #0x00	; 0
                            173 	.area _INITIALIZER
                            174 	.area _CABS (ABS)
